[debug] [2024-06-04T09:06:43.019Z] ----------------------------------------------------------------------
[debug] [2024-06-04T09:06:43.027Z] Command:       /usr/local/bin/node /usr/local/bin/firebase init hosting
[debug] [2024-06-04T09:06:43.028Z] CLI Version:   12.9.1
[debug] [2024-06-04T09:06:43.029Z] Platform:      linux
[debug] [2024-06-04T09:06:43.030Z] Node Version:  v20.8.0
[debug] [2024-06-04T09:06:43.031Z] Time:          Tue Jun 04 2024 12:06:43 GMT+0300 (East Africa Time)
[debug] [2024-06-04T09:06:43.032Z] ----------------------------------------------------------------------
[debug] 
[debug] [2024-06-04T09:06:43.051Z] > command requires scopes: ["email","openid","https://www.googleapis.com/auth/cloudplatformprojects.readonly","https://www.googleapis.com/auth/firebase","https://www.googleapis.com/auth/cloud-platform"]
[debug] [2024-06-04T09:06:43.053Z] > authorizing via signed-in user (brianmurigi64@gmail.com)
[info] 
     ######## #### ########  ######## ########     ###     ######  ########
     ##        ##  ##     ## ##       ##     ##  ##   ##  ##       ##
     ######    ##  ########  ######   ########  #########  ######  ######
     ##        ##  ##    ##  ##       ##     ## ##     ##       ## ##
     ##       #### ##     ## ######## ########  ##     ##  ######  ########

You're about to initialize a Firebase project in this directory:

  /home/khana/Desktop/profile/profile-page

[info] 
=== Project Setup
[info] 
[info] First, let's associate this project directory with a Firebase project.
[info] You can create multiple project aliases by running firebase use --add, 
[info] but for now we'll just set up a default project.
[info] 
[info] i  If you want to create a project in a Google Cloud organization or folder, please use "firebase projects:create" instead, and return to this command when you've created the project. 
[debug] [2024-06-04T09:07:23.352Z] > refreshing access token with scopes: []
[debug] [2024-06-04T09:07:23.368Z] >>> [apiv2][query] POST https://www.googleapis.com/oauth2/v3/token [none]
[debug] [2024-06-04T09:07:23.368Z] >>> [apiv2][body] POST https://www.googleapis.com/oauth2/v3/token [omitted]
[debug] [2024-06-04T09:07:24.179Z] <<< [apiv2][status] POST https://www.googleapis.com/oauth2/v3/token 200
[debug] [2024-06-04T09:07:24.180Z] <<< [apiv2][body] POST https://www.googleapis.com/oauth2/v3/token [omitted]
[debug] [2024-06-04T09:07:24.192Z] >>> [apiv2][query] POST https://cloudresourcemanager.googleapis.com/v1/projects [none]
[debug] [2024-06-04T09:07:24.193Z] >>> [apiv2][body] POST https://cloudresourcemanager.googleapis.com/v1/projects {"projectId":"profile","name":"afrikhana"}
[debug] [2024-06-04T09:07:26.405Z] <<< [apiv2][status] POST https://cloudresourcemanager.googleapis.com/v1/projects 409
[debug] [2024-06-04T09:07:26.406Z] <<< [apiv2][body] POST https://cloudresourcemanager.googleapis.com/v1/projects {"error":{"code":409,"message":"Requested entity already exists","status":"ALREADY_EXISTS"}}
[debug] [2024-06-04T09:07:27.012Z] FirebaseError: HTTP Error: 409, Requested entity already exists
    at responseToError (/usr/local/lib/node_modules/firebase-tools/lib/responseToError.js:49:12)
    at RetryOperation._fn (/usr/local/lib/node_modules/firebase-tools/lib/apiv2.js:285:77)
    at process.processTicksAndRejections (node:internal/process/task_queues:95:5)
[error] 
[error] Error: Failed to create project because there is already a project with ID profile. Please try again with a unique project ID.
